Using pre-set license
Built from '2020.3/staging' branch; Version is '2020.3.19f1 (68f137dc9bbe) revision 6877495'; Using compiler version '192528614'; Build Type 'Release'
OS: 'Windows 10 Pro; OS build 19043.1415; Version 2009; 64bit' Language: 'tr' Physical Memory: 16328 MB
BatchMode: 1, IsHumanControllingUs: 0, StartBugReporterOnCrash: 0, Is64bit: 1, IsPro: 0

COMMAND LINE ARGUMENTS:
C:\Unity\2020.3.19f1\Editor\Unity.exe
-adb2
-batchMode
-noUpm
-name
AssetImportWorker1
-projectPath
D:/UnityProjects/DunkBall
-logFile
Logs/AssetImportWorker1.log
-srvPort
65298
Successfully changed project path to: D:/UnityProjects/DunkBall
D:/UnityProjects/DunkBall
Using Asset Import Pipeline V2.
Refreshing native plugins compatible for Editor in 42.59 ms, found 5 plugins.
Preloading 0 native plugins for Editor in 0.00 ms.
Initialize engine version: 2020.3.19f1 (68f137dc9bbe)
[Subsystems] Discovering subsystems at path C:/Unity/2020.3.19f1/Editor/Data/Resources/UnitySubsystems
[Subsystems] Discovering subsystems at path D:/UnityProjects/DunkBall/Assets
GfxDevice: creating device client; threaded=0
Direct3D:
    Version:  Direct3D 11.0 [level 11.1]
    Renderer: Radeon RX 580 Series (ID=0x67df)
    Vendor:   
    VRAM:     4075 MB
    Driver:   30.0.14011.3017
Initialize mono
Mono path[0] = 'C:/Unity/2020.3.19f1/Editor/Data/Managed'
Mono path[1] = 'C:/Unity/2020.3.19f1/Editor/Data/MonoBleedingEdge/lib/mono/unityjit'
Mono config path = 'C:/Unity/2020.3.19f1/Editor/Data/MonoBleedingEdge/etc'
Using monoOptions --debugger-agent=transport=dt_socket,embedding=1,server=y,suspend=n,address=127.0.0.1:56488
Begin MonoManager ReloadAssembly
Registering precompiled unity dll's ...
Register platform support module: C:/Unity/2020.3.19f1/Editor/Data/PlaybackEngines/WindowsStandaloneSupport/UnityEditor.WindowsStandalone.Extensions.dll
Registered in 0.001878 seconds.
Native extension for WindowsStandalone target not found
Refreshing native plugins compatible for Editor in 41.54 ms, found 5 plugins.
Preloading 0 native plugins for Editor in 0.00 ms.
Mono: successfully reloaded assembly
- Completed reload, in  1.320 seconds
Domain Reload Profiling:
	ReloadAssembly (1320ms)
		BeginReloadAssembly (53ms)
			ExecutionOrderSort (0ms)
			DisableScriptedObjects (0ms)
			BackupInstance (0ms)
			ReleaseScriptingObjects (0ms)
			CreateAndSetChildDomain (1ms)
		EndReloadAssembly (511ms)
			LoadAssemblies (50ms)
			RebuildTransferFunctionScriptingTraits (0ms)
			SetupTypeCache (229ms)
			ReleaseScriptCaches (0ms)
			RebuildScriptCaches (34ms)
			SetupLoadedEditorAssemblies (179ms)
				LogAssemblyErrors (0ms)
				InitializePlatformSupportModulesInManaged (4ms)
				SetLoadedEditorAssemblies (0ms)
				RefreshPlugins (42ms)
				BeforeProcessingInitializeOnLoad (17ms)
				ProcessInitializeOnLoadAttributes (81ms)
				ProcessInitializeOnLoadMethodAttributes (34ms)
				AfterProcessingInitializeOnLoad (0ms)
				EditorAssembliesLoaded (0ms)
			ExecutionOrderSort2 (0ms)
			AwakeInstancesAfterBackupRestoration (0ms)
Platform modules already initialized, skipping
Registering precompiled user dll's ...
Registered in 0.002425 seconds.
Begin MonoManager ReloadAssembly
Native extension for WindowsStandalone target not found
Refreshing native plugins compatible for Editor in 0.53 ms, found 5 plugins.
Preloading 0 native plugins for Editor in 0.00 ms.
Mono: successfully reloaded assembly
- Completed reload, in  1.090 seconds
Domain Reload Profiling:
	ReloadAssembly (1090ms)
		BeginReloadAssembly (148ms)
			ExecutionOrderSort (0ms)
			DisableScriptedObjects (5ms)
			BackupInstance (0ms)
			ReleaseScriptingObjects (0ms)
			CreateAndSetChildDomain (20ms)
		EndReloadAssembly (883ms)
			LoadAssemblies (84ms)
			RebuildTransferFunctionScriptingTraits (0ms)
			SetupTypeCache (276ms)
			ReleaseScriptCaches (0ms)
			RebuildScriptCaches (57ms)
			SetupLoadedEditorAssemblies (375ms)
				LogAssemblyErrors (0ms)
				InitializePlatformSupportModulesInManaged (6ms)
				SetLoadedEditorAssemblies (0ms)
				RefreshPlugins (1ms)
				BeforeProcessingInitializeOnLoad (81ms)
				ProcessInitializeOnLoadAttributes (276ms)
				ProcessInitializeOnLoadMethodAttributes (5ms)
				AfterProcessingInitializeOnLoad (6ms)
				EditorAssembliesLoaded (0ms)
			ExecutionOrderSort2 (0ms)
			AwakeInstancesAfterBackupRestoration (6ms)
Platform modules already initialized, skipping
========================================================================
Worker process is ready to serve import requests
Launched and connected shader compiler UnityShaderCompiler.exe after 0.11 seconds
Refreshing native plugins compatible for Editor in 0.46 ms, found 5 plugins.
Preloading 0 native plugins for Editor in 0.00 ms.
Unloading 1741 Unused Serialized files (Serialized files now loaded: 0)
System memory in use before: 79.9 MB.
System memory in use after: 80.0 MB.

Unloading 24 unused Assets to reduce memory usage. Loaded Objects now: 2174.
Total: 2.682000 ms (FindLiveObjects: 0.149900 ms CreateObjectMapping: 0.059700 ms MarkObjects: 2.415300 ms  DeleteObjects: 0.055800 ms)

AssetImportParameters requested are different than current active one (requested -> active):
  custom:framework-win-MediaFoundation: 216162199b28c13a410421893ffa2e32 -> 
  custom:video-decoder-ogg-theora: a1e56fd34408186e4bbccfd4996cb3dc -> 
  custom:container-muxer-webm: aa71ff27fc2769a1b78a27578f13a17b -> 
  custom:container-demuxer-webm: 4f35f7cbe854078d1ac9338744f61a02 -> 
  custom:container-demuxer-ogg: 62fdf1f143b41e24485cea50d1cbac27 -> 
  custom:video-encoder-webm-vp8: eb34c28f22e8b96e1ab97ce403110664 -> 
  custom:video-decoder-webm-vp8: 9c59270c3fd7afecdb556c50c9e8de78 -> 
  custom:audio-decoder-ogg-vorbis: bf7c407c2cedff20999df2af8eb42d56 -> 
  custom:audio-encoder-webm-vorbis: bf7c407c2cedff20999df2af8eb42d56 -> 
========================================================================
Received Import Request.
  path: Assets/ThirdPartyAssets/JMO Assets
  artifactKey: Guid(66ec96b7fab38924090cb57acfcd537c) Importer(815301076,1909f56bfc062723c751e8b465ee728b)
Start importing Assets/ThirdPartyAssets/JMO Assets using Guid(66ec96b7fab38924090cb57acfcd537c) Importer(815301076,1909f56bfc062723c751e8b465ee728b)  -> (artifact id: '5b386ede5f1594f01ed2dc1368e82ead') in 0.006702 seconds 
  Import took 0.009172 seconds .

========================================================================
Received Import Request.
  Time since last request: 8.526757 seconds.
  path: Assets/ThirdPartyAssets/PDG Cartoon Sky/SkyBox1/Textures/ToonSkyBright0001.png
  artifactKey: Guid(6dbe7287708de884c96080013bee73fc) Importer(815301076,1909f56bfc062723c751e8b465ee728b)
Start importing Assets/ThirdPartyAssets/PDG Cartoon Sky/SkyBox1/Textures/ToonSkyBright0001.png using Guid(6dbe7287708de884c96080013bee73fc) Importer(815301076,1909f56bfc062723c751e8b465ee728b)  -> (artifact id: 'dcbacf15a080cf30467724e74d7ceb12') in 0.174395 seconds 
  Import took 0.177150 seconds .

========================================================================
Received Import Request.
  Time since last request: 0.000212 seconds.
  path: Assets/ThirdPartyAssets/PDG Cartoon Sky/SkyBox1/Textures/ToonSkyBright0005.png
  artifactKey: Guid(e3d0a992478f35643bcc900fd2976fc4) Importer(815301076,1909f56bfc062723c751e8b465ee728b)
Start importing Assets/ThirdPartyAssets/PDG Cartoon Sky/SkyBox1/Textures/ToonSkyBright0005.png using Guid(e3d0a992478f35643bcc900fd2976fc4) Importer(815301076,1909f56bfc062723c751e8b465ee728b)  -> (artifact id: '6371bd7505529a0c51d1c860abed21a9') in 0.053114 seconds 
  Import took 0.067472 seconds .

========================================================================
Received Import Request.
  Time since last request: 0.000153 seconds.
  path: Assets/ThirdPartyAssets/PDG Cartoon Sky/SkyBox1/Textures/ToonSkyBright0004.png
  artifactKey: Guid(60c4f617e32fd0e4aaa1281c4d2963b0) Importer(815301076,1909f56bfc062723c751e8b465ee728b)
Start importing Assets/ThirdPartyAssets/PDG Cartoon Sky/SkyBox1/Textures/ToonSkyBright0004.png using Guid(60c4f617e32fd0e4aaa1281c4d2963b0) Importer(815301076,1909f56bfc062723c751e8b465ee728b)  -> (artifact id: '15d6546264abe535a6bcfb0f8a57773b') in 0.046168 seconds 
  Import took 0.048565 seconds .

========================================================================
Received Import Request.
  Time since last request: 0.000192 seconds.
  path: Assets/ThirdPartyAssets/PDG Cartoon Sky/SkyBox1/Textures/ToonSkyBright0003.png
  artifactKey: Guid(6ae46ddf343399c4fa1b40455f0b8f2c) Importer(815301076,1909f56bfc062723c751e8b465ee728b)
Start importing Assets/ThirdPartyAssets/PDG Cartoon Sky/SkyBox1/Textures/ToonSkyBright0003.png using Guid(6ae46ddf343399c4fa1b40455f0b8f2c) Importer(815301076,1909f56bfc062723c751e8b465ee728b)  -> (artifact id: '4333f366d0fb6f6e6a20bf157b7a2876') in 0.045202 seconds 
  Import took 0.047808 seconds .

========================================================================
Received Import Request.
  Time since last request: 0.000270 seconds.
  path: Assets/ThirdPartyAssets/PDG Cartoon Sky/SkyBox1/Textures/ToonSkyBright0002.png
  artifactKey: Guid(91f67d8205f3c7245a9ddc54bd04dc73) Importer(815301076,1909f56bfc062723c751e8b465ee728b)
Start importing Assets/ThirdPartyAssets/PDG Cartoon Sky/SkyBox1/Textures/ToonSkyBright0002.png using Guid(91f67d8205f3c7245a9ddc54bd04dc73) Importer(815301076,1909f56bfc062723c751e8b465ee728b)  -> (artifact id: '6b87fbd084af5667e1418b6f935f644c') in 0.053141 seconds 
  Import took 0.055689 seconds .

========================================================================
Received Import Request.
  Time since last request: 0.000212 seconds.
  path: Assets/ThirdPartyAssets/PDG Cartoon Sky/SkyBox1/Textures/ToonSkyBright0006.png
  artifactKey: Guid(655631eeb263b5044b462787bff9db10) Importer(815301076,1909f56bfc062723c751e8b465ee728b)
Start importing Assets/ThirdPartyAssets/PDG Cartoon Sky/SkyBox1/Textures/ToonSkyBright0006.png using Guid(655631eeb263b5044b462787bff9db10) Importer(815301076,1909f56bfc062723c751e8b465ee728b)  -> (artifact id: '0613912e28da3424ae112f5f2978c25e') in 0.056110 seconds 
  Import took 0.059067 seconds .

========================================================================
Received Import Request.
  Time since last request: 5.004226 seconds.
  path: Assets/ThirdPartyAssets/PDG Cartoon Sky/SkyBox2/Textures/ToonSkySunset0001.png
  artifactKey: Guid(6b457e5b38450d34b8a89f196abf6f13) Importer(815301076,1909f56bfc062723c751e8b465ee728b)
Start importing Assets/ThirdPartyAssets/PDG Cartoon Sky/SkyBox2/Textures/ToonSkySunset0001.png using Guid(6b457e5b38450d34b8a89f196abf6f13) Importer(815301076,1909f56bfc062723c751e8b465ee728b)  -> (artifact id: 'fcbf242d42f81ee9a8db431c334db89c') in 0.046238 seconds 
  Import took 0.048797 seconds .

========================================================================
Received Import Request.
  Time since last request: 0.000249 seconds.
  path: Assets/ThirdPartyAssets/PDG Cartoon Sky/SkyBox2/Textures/ToonSkySunset0003.png
  artifactKey: Guid(e2f2d0d46663859489192bdba53dcf3a) Importer(815301076,1909f56bfc062723c751e8b465ee728b)
Start importing Assets/ThirdPartyAssets/PDG Cartoon Sky/SkyBox2/Textures/ToonSkySunset0003.png using Guid(e2f2d0d46663859489192bdba53dcf3a) Importer(815301076,1909f56bfc062723c751e8b465ee728b)  -> (artifact id: 'd63759092d1c504a537ff96362efcbc8') in 0.049541 seconds 
  Import took 0.051900 seconds .

========================================================================
Received Import Request.
  Time since last request: 0.000257 seconds.
  path: Assets/ThirdPartyAssets/PDG Cartoon Sky/SkyBox2/Textures/ToonSkySunset0002.png
  artifactKey: Guid(a27e6ad5709845b4085fd6f2a5eb540c) Importer(815301076,1909f56bfc062723c751e8b465ee728b)
Start importing Assets/ThirdPartyAssets/PDG Cartoon Sky/SkyBox2/Textures/ToonSkySunset0002.png using Guid(a27e6ad5709845b4085fd6f2a5eb540c) Importer(815301076,1909f56bfc062723c751e8b465ee728b)  -> (artifact id: 'db5c4446be2507bd218adef43947c767') in 0.048926 seconds 
  Import took 0.051235 seconds .

========================================================================
Received Import Request.
  Time since last request: 0.000210 seconds.
  path: Assets/ThirdPartyAssets/PDG Cartoon Sky/SkyBox2/Textures/ToonSkySunset0006.png
  artifactKey: Guid(16c654a5a06a89245b7649c09553c765) Importer(815301076,1909f56bfc062723c751e8b465ee728b)
Start importing Assets/ThirdPartyAssets/PDG Cartoon Sky/SkyBox2/Textures/ToonSkySunset0006.png using Guid(16c654a5a06a89245b7649c09553c765) Importer(815301076,1909f56bfc062723c751e8b465ee728b)  -> (artifact id: '4f139f1171a00d365efa98a58fbfcfac') in 0.045434 seconds 
  Import took 0.048030 seconds .

========================================================================
Received Import Request.
  Time since last request: 0.000282 seconds.
  path: Assets/ThirdPartyAssets/PDG Cartoon Sky/SkyBox2/Textures/ToonSkySunset0005.png
  artifactKey: Guid(ab958a536ffa54541b6e5ef2a4c7bf78) Importer(815301076,1909f56bfc062723c751e8b465ee728b)
Start importing Assets/ThirdPartyAssets/PDG Cartoon Sky/SkyBox2/Textures/ToonSkySunset0005.png using Guid(ab958a536ffa54541b6e5ef2a4c7bf78) Importer(815301076,1909f56bfc062723c751e8b465ee728b)  -> (artifact id: '1d39a648ea904581e5afe3d59bf681e4') in 0.045069 seconds 
  Import took 0.060478 seconds .

========================================================================
Received Import Request.
  Time since last request: 0.000214 seconds.
  path: Assets/ThirdPartyAssets/PDG Cartoon Sky/SkyBox2/Textures/ToonSkySunset0004.png
  artifactKey: Guid(cd049cf2ba6145442a5322344e4b23a2) Importer(815301076,1909f56bfc062723c751e8b465ee728b)
Start importing Assets/ThirdPartyAssets/PDG Cartoon Sky/SkyBox2/Textures/ToonSkySunset0004.png using Guid(cd049cf2ba6145442a5322344e4b23a2) Importer(815301076,1909f56bfc062723c751e8b465ee728b)  -> (artifact id: 'ca85ca962df7679b41b770f2c657b4ea') in 0.047140 seconds 
  Import took 0.049549 seconds .

========================================================================
Received Import Request.
  Time since last request: 1.075650 seconds.
  path: Assets/ThirdPartyAssets/PDG Cartoon Sky/SkyBox3/Textures/ToonSkyDark0001.png
  artifactKey: Guid(643b91827b78039498b1641b884b143d) Importer(815301076,1909f56bfc062723c751e8b465ee728b)
Start importing Assets/ThirdPartyAssets/PDG Cartoon Sky/SkyBox3/Textures/ToonSkyDark0001.png using Guid(643b91827b78039498b1641b884b143d) Importer(815301076,1909f56bfc062723c751e8b465ee728b)  -> (artifact id: '01faf8e9e29ae1122d79ef7ebe96c364') in 0.047727 seconds 
  Import took 0.050158 seconds .

========================================================================
Received Import Request.
  Time since last request: 0.000264 seconds.
  path: Assets/ThirdPartyAssets/PDG Cartoon Sky/SkyBox3/Textures/ToonSkyDark0003.png
  artifactKey: Guid(63953788a6d998c4e89ef6f0b0644346) Importer(815301076,1909f56bfc062723c751e8b465ee728b)
Start importing Assets/ThirdPartyAssets/PDG Cartoon Sky/SkyBox3/Textures/ToonSkyDark0003.png using Guid(63953788a6d998c4e89ef6f0b0644346) Importer(815301076,1909f56bfc062723c751e8b465ee728b)  -> (artifact id: 'b4e2058c3544f59e0178247ed0a46d94') in 0.048480 seconds 
  Import took 0.050919 seconds .

========================================================================
Received Import Request.
  Time since last request: 0.000225 seconds.
  path: Assets/ThirdPartyAssets/PDG Cartoon Sky/SkyBox3/Textures/ToonSkyDark0006.png
  artifactKey: Guid(d1b839d34c3fc2147ac37af5ca2d6e66) Importer(815301076,1909f56bfc062723c751e8b465ee728b)
Start importing Assets/ThirdPartyAssets/PDG Cartoon Sky/SkyBox3/Textures/ToonSkyDark0006.png using Guid(d1b839d34c3fc2147ac37af5ca2d6e66) Importer(815301076,1909f56bfc062723c751e8b465ee728b)  -> (artifact id: '900b81692339739f689000f9207afc82') in 0.045675 seconds 
  Import took 0.057373 seconds .

========================================================================
Received Import Request.
  Time since last request: 0.000271 seconds.
  path: Assets/ThirdPartyAssets/PDG Cartoon Sky/SkyBox3/Textures/ToonSkyDark0004.png
  artifactKey: Guid(7eefc003d9ef52440ae8dabcf0aebe1d) Importer(815301076,1909f56bfc062723c751e8b465ee728b)
Start importing Assets/ThirdPartyAssets/PDG Cartoon Sky/SkyBox3/Textures/ToonSkyDark0004.png using Guid(7eefc003d9ef52440ae8dabcf0aebe1d) Importer(815301076,1909f56bfc062723c751e8b465ee728b)  -> (artifact id: 'b6bf4e0cc25a89c84cb9373ef380a1e5') in 0.053879 seconds 
  Import took 0.056236 seconds .

========================================================================
Received Import Request.
  Time since last request: 0.000224 seconds.
  path: Assets/ThirdPartyAssets/PDG Cartoon Sky/SkyBox3/Textures/ToonSkyDark0002.png
  artifactKey: Guid(6f71f4b266784714fba004dd9220f7de) Importer(815301076,1909f56bfc062723c751e8b465ee728b)
Start importing Assets/ThirdPartyAssets/PDG Cartoon Sky/SkyBox3/Textures/ToonSkyDark0002.png using Guid(6f71f4b266784714fba004dd9220f7de) Importer(815301076,1909f56bfc062723c751e8b465ee728b)  -> (artifact id: '5d061cd59a31883eeedc781b42d005a1') in 0.041578 seconds 
  Import took 0.044003 seconds .

========================================================================
Received Import Request.
  Time since last request: 0.000232 seconds.
  path: Assets/ThirdPartyAssets/PDG Cartoon Sky/SkyBox3/Textures/ToonSkyDark0005.png
  artifactKey: Guid(85a1db35de9a27349b9f0cfd4f23318b) Importer(815301076,1909f56bfc062723c751e8b465ee728b)
Start importing Assets/ThirdPartyAssets/PDG Cartoon Sky/SkyBox3/Textures/ToonSkyDark0005.png using Guid(85a1db35de9a27349b9f0cfd4f23318b) Importer(815301076,1909f56bfc062723c751e8b465ee728b)  -> (artifact id: 'e6608d7658fa2408485f4a43b960c89e') in 0.038099 seconds 
  Import took 0.046070 seconds .

========================================================================
Received Prepare
Registering precompiled user dll's ...
Registered in 0.001959 seconds.
Begin MonoManager ReloadAssembly
Native extension for WindowsStandalone target not found
Refreshing native plugins compatible for Editor in 0.40 ms, found 2 plugins.
Preloading 0 native plugins for Editor in 0.00 ms.
Mono: successfully reloaded assembly
- Completed reload, in  1.208 seconds
Domain Reload Profiling:
	ReloadAssembly (1209ms)
		BeginReloadAssembly (107ms)
			ExecutionOrderSort (0ms)
			DisableScriptedObjects (7ms)
			BackupInstance (0ms)
			ReleaseScriptingObjects (0ms)
			CreateAndSetChildDomain (36ms)
		EndReloadAssembly (1032ms)
			LoadAssemblies (92ms)
			RebuildTransferFunctionScriptingTraits (0ms)
			SetupTypeCache (351ms)
			ReleaseScriptCaches (1ms)
			RebuildScriptCaches (58ms)
			SetupLoadedEditorAssemblies (402ms)
				LogAssemblyErrors (0ms)
				InitializePlatformSupportModulesInManaged (6ms)
				SetLoadedEditorAssemblies (0ms)
				RefreshPlugins (0ms)
				BeforeProcessingInitializeOnLoad (119ms)
				ProcessInitializeOnLoadAttributes (266ms)
				ProcessInitializeOnLoadMethodAttributes (4ms)
				AfterProcessingInitializeOnLoad (6ms)
				EditorAssembliesLoaded (0ms)
			ExecutionOrderSort2 (0ms)
			AwakeInstancesAfterBackupRestoration (7ms)
Platform modules already initialized, skipping
Switching build target platform(19) subTarget(0) extendedPlatform(0) -> platform(13) subTarget(537395200) extendedPlatform(0)
Refreshing native plugins compatible for Editor in 0.37 ms, found 2 plugins.
Preloading 0 native plugins for Editor in 0.00 ms.
Unloading 1585 Unused Serialized files (Serialized files now loaded: 0)
System memory in use before: 75.2 MB.
System memory in use after: 75.3 MB.

Unloading 16 unused Assets to reduce memory usage. Loaded Objects now: 2174.
Total: 2.700700 ms (FindLiveObjects: 0.130500 ms CreateObjectMapping: 0.047000 ms MarkObjects: 2.505500 ms  DeleteObjects: 0.017100 ms)

AssetImportParameters requested are different than current active one (requested -> active):
  custom:framework-win-MediaFoundation: 216162199b28c13a410421893ffa2e32 -> 
  custom:video-decoder-ogg-theora: a1e56fd34408186e4bbccfd4996cb3dc -> 
  custom:container-muxer-webm: aa71ff27fc2769a1b78a27578f13a17b -> 
  custom:container-demuxer-webm: 4f35f7cbe854078d1ac9338744f61a02 -> 
  custom:container-demuxer-ogg: 62fdf1f143b41e24485cea50d1cbac27 -> 
  custom:video-encoder-webm-vp8: eb34c28f22e8b96e1ab97ce403110664 -> 
  custom:video-decoder-webm-vp8: 9c59270c3fd7afecdb556c50c9e8de78 -> 
  custom:graphics/normal-map-encoding: 01000000000000000000000000000000 -> 02000000000000000000000000000000
  custom:audio-decoder-ogg-vorbis: bf7c407c2cedff20999df2af8eb42d56 -> 
  custom:audio-encoder-webm-vorbis: bf7c407c2cedff20999df2af8eb42d56 -> 
========================================================================
Received Prepare
Registering precompiled user dll's ...
Registered in 0.001937 seconds.
Begin MonoManager ReloadAssembly
Native extension for WindowsStandalone target not found
Refreshing native plugins compatible for Editor in 0.39 ms, found 2 plugins.
Preloading 0 native plugins for Editor in 0.00 ms.
Mono: successfully reloaded assembly
- Completed reload, in  1.057 seconds
Domain Reload Profiling:
	ReloadAssembly (1057ms)
		BeginReloadAssembly (115ms)
			ExecutionOrderSort (0ms)
			DisableScriptedObjects (8ms)
			BackupInstance (0ms)
			ReleaseScriptingObjects (0ms)
			CreateAndSetChildDomain (35ms)
		EndReloadAssembly (871ms)
			LoadAssemblies (94ms)
			RebuildTransferFunctionScriptingTraits (0ms)
			SetupTypeCache (302ms)
			ReleaseScriptCaches (1ms)
			RebuildScriptCaches (50ms)
			SetupLoadedEditorAssemblies (311ms)
				LogAssemblyErrors (0ms)
				InitializePlatformSupportModulesInManaged (5ms)
				SetLoadedEditorAssemblies (0ms)
				RefreshPlugins (0ms)
				BeforeProcessingInitializeOnLoad (79ms)
				ProcessInitializeOnLoadAttributes (216ms)
				ProcessInitializeOnLoadMethodAttributes (4ms)
				AfterProcessingInitializeOnLoad (6ms)
				EditorAssembliesLoaded (0ms)
			ExecutionOrderSort2 (0ms)
			AwakeInstancesAfterBackupRestoration (6ms)
Platform modules already initialized, skipping
Switching build target platform(19) subTarget(0) extendedPlatform(0) -> platform(13) subTarget(537395200) extendedPlatform(0)
Refreshing native plugins compatible for Editor in 0.72 ms, found 2 plugins.
Preloading 0 native plugins for Editor in 0.00 ms.
Unloading 1589 Unused Serialized files (Serialized files now loaded: 0)
System memory in use before: 75.3 MB.
System memory in use after: 75.4 MB.

Unloading 12 unused Assets to reduce memory usage. Loaded Objects now: 2180.
Total: 2.622800 ms (FindLiveObjects: 0.155800 ms CreateObjectMapping: 0.054700 ms MarkObjects: 2.395600 ms  DeleteObjects: 0.015700 ms)

AssetImportParameters requested are different than current active one (requested -> active):
  custom:framework-win-MediaFoundation: 216162199b28c13a410421893ffa2e32 -> 
  custom:video-decoder-ogg-theora: a1e56fd34408186e4bbccfd4996cb3dc -> 
  custom:container-muxer-webm: aa71ff27fc2769a1b78a27578f13a17b -> 
  custom:container-demuxer-webm: 4f35f7cbe854078d1ac9338744f61a02 -> 
  custom:container-demuxer-ogg: 62fdf1f143b41e24485cea50d1cbac27 -> 
  custom:video-encoder-webm-vp8: eb34c28f22e8b96e1ab97ce403110664 -> 
  custom:video-decoder-webm-vp8: 9c59270c3fd7afecdb556c50c9e8de78 -> 
  custom:graphics/normal-map-encoding: 01000000000000000000000000000000 -> 02000000000000000000000000000000
  custom:audio-decoder-ogg-vorbis: bf7c407c2cedff20999df2af8eb42d56 -> 
  custom:audio-encoder-webm-vorbis: bf7c407c2cedff20999df2af8eb42d56 -> 
========================================================================
Received Prepare
Registering precompiled user dll's ...
Registered in 0.001897 seconds.
Begin MonoManager ReloadAssembly
Native extension for WindowsStandalone target not found
Refreshing native plugins compatible for Editor in 0.42 ms, found 2 plugins.
Preloading 0 native plugins for Editor in 0.00 ms.
Mono: successfully reloaded assembly
- Completed reload, in  1.003 seconds
Domain Reload Profiling:
	ReloadAssembly (1003ms)
		BeginReloadAssembly (110ms)
			ExecutionOrderSort (0ms)
			DisableScriptedObjects (7ms)
			BackupInstance (0ms)
			ReleaseScriptingObjects (0ms)
			CreateAndSetChildDomain (32ms)
		EndReloadAssembly (832ms)
			LoadAssemblies (82ms)
			RebuildTransferFunctionScriptingTraits (0ms)
			SetupTypeCache (288ms)
			ReleaseScriptCaches (1ms)
			RebuildScriptCaches (55ms)
			SetupLoadedEditorAssemblies (293ms)
				LogAssemblyErrors (0ms)
				InitializePlatformSupportModulesInManaged (5ms)
				SetLoadedEditorAssemblies (0ms)
				RefreshPlugins (0ms)
				BeforeProcessingInitializeOnLoad (74ms)
				ProcessInitializeOnLoadAttributes (204ms)
				ProcessInitializeOnLoadMethodAttributes (4ms)
				AfterProcessingInitializeOnLoad (5ms)
				EditorAssembliesLoaded (0ms)
			ExecutionOrderSort2 (0ms)
			AwakeInstancesAfterBackupRestoration (7ms)
Platform modules already initialized, skipping
Switching build target platform(19) subTarget(0) extendedPlatform(0) -> platform(13) subTarget(537395200) extendedPlatform(0)
Refreshing native plugins compatible for Editor in 0.46 ms, found 2 plugins.
Preloading 0 native plugins for Editor in 0.00 ms.
Unloading 1589 Unused Serialized files (Serialized files now loaded: 0)
System memory in use before: 75.3 MB.
System memory in use after: 75.4 MB.

Unloading 12 unused Assets to reduce memory usage. Loaded Objects now: 2182.
Total: 2.549400 ms (FindLiveObjects: 0.136000 ms CreateObjectMapping: 0.052700 ms MarkObjects: 2.345800 ms  DeleteObjects: 0.013600 ms)

AssetImportParameters requested are different than current active one (requested -> active):
  custom:framework-win-MediaFoundation: 216162199b28c13a410421893ffa2e32 -> 
  custom:video-decoder-ogg-theora: a1e56fd34408186e4bbccfd4996cb3dc -> 
  custom:container-muxer-webm: aa71ff27fc2769a1b78a27578f13a17b -> 
  custom:container-demuxer-webm: 4f35f7cbe854078d1ac9338744f61a02 -> 
  custom:container-demuxer-ogg: 62fdf1f143b41e24485cea50d1cbac27 -> 
  custom:video-encoder-webm-vp8: eb34c28f22e8b96e1ab97ce403110664 -> 
  custom:video-decoder-webm-vp8: 9c59270c3fd7afecdb556c50c9e8de78 -> 
  custom:graphics/normal-map-encoding: 01000000000000000000000000000000 -> 02000000000000000000000000000000
  custom:audio-decoder-ogg-vorbis: bf7c407c2cedff20999df2af8eb42d56 -> 
  custom:audio-encoder-webm-vorbis: bf7c407c2cedff20999df2af8eb42d56 -> 
========================================================================
Received Import Request.
  Time since last request: 289.907867 seconds.
  path: Assets/ThirdPartyAssets/FarlandSkies/Skyboxes/CloudyCrown_01_Midday/Textures/CloudyCrown_Midday_Front.png
  artifactKey: Guid(dffdb4378818bc5469033648c57bd0b1) Importer(815301076,1909f56bfc062723c751e8b465ee728b)
Start importing Assets/ThirdPartyAssets/FarlandSkies/Skyboxes/CloudyCrown_01_Midday/Textures/CloudyCrown_Midday_Front.png using Guid(dffdb4378818bc5469033648c57bd0b1) Importer(815301076,1909f56bfc062723c751e8b465ee728b)  -> (artifact id: 'fcb1fbf12e6c4441d51221ee418ec17d') in 0.097588 seconds 
  Import took 0.100378 seconds .

========================================================================
Received Import Request.
  Time since last request: 0.000219 seconds.
  path: Assets/ThirdPartyAssets/FarlandSkies/Skyboxes/CloudyCrown_01_Midday/Textures/CloudyCrown_Midday_Down.png
  artifactKey: Guid(b064041c87bd8fb4ba2c21aa4863127e) Importer(815301076,1909f56bfc062723c751e8b465ee728b)
Start importing Assets/ThirdPartyAssets/FarlandSkies/Skyboxes/CloudyCrown_01_Midday/Textures/CloudyCrown_Midday_Down.png using Guid(b064041c87bd8fb4ba2c21aa4863127e) Importer(815301076,1909f56bfc062723c751e8b465ee728b)  -> (artifact id: '584ce0f16a78082bbfdd3d571c0679e4') in 0.048941 seconds 
  Import took 0.051389 seconds .

========================================================================
Received Import Request.
  Time since last request: 0.000209 seconds.
  path: Assets/ThirdPartyAssets/FarlandSkies/Skyboxes/CloudyCrown_01_Midday/Textures/CloudyCrown_Midday_Back.png
  artifactKey: Guid(fd76a3d85fa584e42834036916a79b6b) Importer(815301076,1909f56bfc062723c751e8b465ee728b)
Start importing Assets/ThirdPartyAssets/FarlandSkies/Skyboxes/CloudyCrown_01_Midday/Textures/CloudyCrown_Midday_Back.png using Guid(fd76a3d85fa584e42834036916a79b6b) Importer(815301076,1909f56bfc062723c751e8b465ee728b)  -> (artifact id: 'fd63ef7863d8f529e27afda9c49057e8') in 0.049986 seconds 
  Import took 0.052472 seconds .

========================================================================
Received Import Request.
  Time since last request: 0.000253 seconds.
  path: Assets/ThirdPartyAssets/FarlandSkies/Skyboxes/CloudyCrown_01_Midday/Textures/CloudyCrown_Midday_Left.png
  artifactKey: Guid(fd5f7c807ca1ea643b0ae501ff889a70) Importer(815301076,1909f56bfc062723c751e8b465ee728b)
Start importing Assets/ThirdPartyAssets/FarlandSkies/Skyboxes/CloudyCrown_01_Midday/Textures/CloudyCrown_Midday_Left.png using Guid(fd5f7c807ca1ea643b0ae501ff889a70) Importer(815301076,1909f56bfc062723c751e8b465ee728b)  -> (artifact id: '2cdda54743d25b8df0840433c9fd7b21') in 0.059002 seconds 
  Import took 0.061621 seconds .

========================================================================
Received Import Request.
  Time since last request: 0.000188 seconds.
  path: Assets/ThirdPartyAssets/FarlandSkies/Skyboxes/CloudyCrown_01_Midday/Textures/CloudyCrown_Midday_Up.png
  artifactKey: Guid(4e02df907356e0848a5d76021b80192a) Importer(815301076,1909f56bfc062723c751e8b465ee728b)
Start importing Assets/ThirdPartyAssets/FarlandSkies/Skyboxes/CloudyCrown_01_Midday/Textures/CloudyCrown_Midday_Up.png using Guid(4e02df907356e0848a5d76021b80192a) Importer(815301076,1909f56bfc062723c751e8b465ee728b)  -> (artifact id: '3919fa6d19b5f73faab29fab6e7b159e') in 0.049473 seconds 
  Import took 0.052279 seconds .

========================================================================
Received Import Request.
  Time since last request: 0.000156 seconds.
  path: Assets/ThirdPartyAssets/FarlandSkies/Skyboxes/CloudyCrown_01_Midday/Textures/CloudyCrown_Midday_Right.png
  artifactKey: Guid(14877617607f5fb47af48fcd766426ad) Importer(815301076,1909f56bfc062723c751e8b465ee728b)
Start importing Assets/ThirdPartyAssets/FarlandSkies/Skyboxes/CloudyCrown_01_Midday/Textures/CloudyCrown_Midday_Right.png using Guid(14877617607f5fb47af48fcd766426ad) Importer(815301076,1909f56bfc062723c751e8b465ee728b)  -> (artifact id: 'e5dd5d2c11351eaad91d203e9492c360') in 0.051924 seconds 
  Import took 0.055345 seconds .

========================================================================
Received Import Request.
  Time since last request: 31.885498 seconds.
  path: Assets/ThirdPartyAssets/FarlandSkies/Skyboxes/CloudyCrown_04_Sunset/Textures/CloudyCrown_Sunset_Front.png
  artifactKey: Guid(438f35e5e8d7c0c42aee582a2e2ec8e8) Importer(815301076,1909f56bfc062723c751e8b465ee728b)
Start importing Assets/ThirdPartyAssets/FarlandSkies/Skyboxes/CloudyCrown_04_Sunset/Textures/CloudyCrown_Sunset_Front.png using Guid(438f35e5e8d7c0c42aee582a2e2ec8e8) Importer(815301076,1909f56bfc062723c751e8b465ee728b)  -> (artifact id: 'ec2f2944c5b91cfa04b2c72ef52d9b8b') in 0.065804 seconds 
  Import took 0.068300 seconds .

========================================================================
Received Import Request.
  Time since last request: 0.000234 seconds.
  path: Assets/ThirdPartyAssets/FarlandSkies/Skyboxes/CloudyCrown_04_Sunset/Textures/CloudyCrown_Sunset_Left.png
  artifactKey: Guid(3a1c3cd9f2f146245be4af3a1123a528) Importer(815301076,1909f56bfc062723c751e8b465ee728b)
Start importing Assets/ThirdPartyAssets/FarlandSkies/Skyboxes/CloudyCrown_04_Sunset/Textures/CloudyCrown_Sunset_Left.png using Guid(3a1c3cd9f2f146245be4af3a1123a528) Importer(815301076,1909f56bfc062723c751e8b465ee728b)  -> (artifact id: '3228fd32512c138ec20d5b375520fb1e') in 0.055984 seconds 
  Import took 0.058542 seconds .

========================================================================
Received Import Request.
  Time since last request: 0.000246 seconds.
  path: Assets/ThirdPartyAssets/FarlandSkies/Skyboxes/CloudyCrown_04_Sunset/Textures/CloudyCrown_Sunset_Back.png
  artifactKey: Guid(fb83d65eeed886840908f1c4482ffbe4) Importer(815301076,1909f56bfc062723c751e8b465ee728b)
Start importing Assets/ThirdPartyAssets/FarlandSkies/Skyboxes/CloudyCrown_04_Sunset/Textures/CloudyCrown_Sunset_Back.png using Guid(fb83d65eeed886840908f1c4482ffbe4) Importer(815301076,1909f56bfc062723c751e8b465ee728b)  -> (artifact id: '7d441845d05e8bb8084718a3dc3ac889') in 0.054108 seconds 
  Import took 0.057086 seconds .

========================================================================
Received Import Request.
  Time since last request: 0.000160 seconds.
  path: Assets/ThirdPartyAssets/FarlandSkies/Skyboxes/CloudyCrown_04_Sunset/Textures/CloudyCrown_Sunset_Right.png
  artifactKey: Guid(7f934c5ce832dfb4991233d48e1cd7e1) Importer(815301076,1909f56bfc062723c751e8b465ee728b)
Start importing Assets/ThirdPartyAssets/FarlandSkies/Skyboxes/CloudyCrown_04_Sunset/Textures/CloudyCrown_Sunset_Right.png using Guid(7f934c5ce832dfb4991233d48e1cd7e1) Importer(815301076,1909f56bfc062723c751e8b465ee728b)  -> (artifact id: '1d3d31e0051d949f576e32248a4a6826') in 0.048278 seconds 
  Import took 0.067414 seconds .

========================================================================
Received Import Request.
  Time since last request: 0.000145 seconds.
  path: Assets/ThirdPartyAssets/FarlandSkies/Skyboxes/CloudyCrown_04_Sunset/Textures/CloudyCrown_Sunset_Down.png
  artifactKey: Guid(dd10416b224641b459fe04b5eb7aec37) Importer(815301076,1909f56bfc062723c751e8b465ee728b)
Start importing Assets/ThirdPartyAssets/FarlandSkies/Skyboxes/CloudyCrown_04_Sunset/Textures/CloudyCrown_Sunset_Down.png using Guid(dd10416b224641b459fe04b5eb7aec37) Importer(815301076,1909f56bfc062723c751e8b465ee728b)  -> (artifact id: '9bf7cee0f9a8a72d33a7400790784ac0') in 0.057422 seconds 
  Import took 0.060035 seconds .

========================================================================
Received Import Request.
  Time since last request: 0.000208 seconds.
  path: Assets/ThirdPartyAssets/FarlandSkies/Skyboxes/CloudyCrown_04_Sunset/Textures/CloudyCrown_Sunset_Up.png
  artifactKey: Guid(53897097b1cb7644eb130bc157b99eaf) Importer(815301076,1909f56bfc062723c751e8b465ee728b)
Start importing Assets/ThirdPartyAssets/FarlandSkies/Skyboxes/CloudyCrown_04_Sunset/Textures/CloudyCrown_Sunset_Up.png using Guid(53897097b1cb7644eb130bc157b99eaf) Importer(815301076,1909f56bfc062723c751e8b465ee728b)  -> (artifact id: '7052c3f692a568e1a0c5a2e90acf94d7') in 0.057119 seconds 
  Import took 0.059748 seconds .

========================================================================
Received Import Request.
  Time since last request: 1.525888 seconds.
  path: Assets/ThirdPartyAssets/FarlandSkies/Skyboxes/CloudyCrown_05_Daybreak
  artifactKey: Guid(56be7a3817a5954428630009d20498f1) Importer(815301076,1909f56bfc062723c751e8b465ee728b)
Start importing Assets/ThirdPartyAssets/FarlandSkies/Skyboxes/CloudyCrown_05_Daybreak using Guid(56be7a3817a5954428630009d20498f1) Importer(815301076,1909f56bfc062723c751e8b465ee728b)  -> (artifact id: '1cc0858487acb3daf3e2648b2fa1f4d7') in 0.005311 seconds 
  Import took 0.008050 seconds .

========================================================================
Received Import Request.
  Time since last request: 1.520015 seconds.
  path: Assets/ThirdPartyAssets/FarlandSkies/Skyboxes/CloudyCrown_05_Daybreak/Textures/CloudyCrown_Daybreak_Front.png
  artifactKey: Guid(32dd115bed46a474ab32a88684606180) Importer(815301076,1909f56bfc062723c751e8b465ee728b)
Start importing Assets/ThirdPartyAssets/FarlandSkies/Skyboxes/CloudyCrown_05_Daybreak/Textures/CloudyCrown_Daybreak_Front.png using Guid(32dd115bed46a474ab32a88684606180) Importer(815301076,1909f56bfc062723c751e8b465ee728b)  -> (artifact id: '6803565ce8043ade182e6d099be3c9c6') in 0.060759 seconds 
  Import took 0.063361 seconds .

========================================================================
Received Import Request.
  Time since last request: 0.000249 seconds.
  path: Assets/ThirdPartyAssets/FarlandSkies/Skyboxes/CloudyCrown_05_Daybreak/Textures/CloudyCrown_Daybreak_Back.png
  artifactKey: Guid(ab78a862493ed7f42a9d16bc994e6697) Importer(815301076,1909f56bfc062723c751e8b465ee728b)
Start importing Assets/ThirdPartyAssets/FarlandSkies/Skyboxes/CloudyCrown_05_Daybreak/Textures/CloudyCrown_Daybreak_Back.png using Guid(ab78a862493ed7f42a9d16bc994e6697) Importer(815301076,1909f56bfc062723c751e8b465ee728b)  -> (artifact id: '44923caa340b247314e85ae9f2bd68c6') in 0.055589 seconds 
  Import took 0.057982 seconds .

========================================================================
Received Import Request.
  Time since last request: 0.000283 seconds.
  path: Assets/ThirdPartyAssets/FarlandSkies/Skyboxes/CloudyCrown_05_Daybreak/Textures/CloudyCrown_Daybreak_Down.png
  artifactKey: Guid(bf4af9078f5bbcc42911f76a84aaa1e9) Importer(815301076,1909f56bfc062723c751e8b465ee728b)
Start importing Assets/ThirdPartyAssets/FarlandSkies/Skyboxes/CloudyCrown_05_Daybreak/Textures/CloudyCrown_Daybreak_Down.png using Guid(bf4af9078f5bbcc42911f76a84aaa1e9) Importer(815301076,1909f56bfc062723c751e8b465ee728b)  -> (artifact id: '6a1992e54a3989a0f2cfd0732d9324fc') in 0.070017 seconds 
  Import took 0.072514 seconds .

========================================================================
Received Import Request.
  Time since last request: 0.000164 seconds.
  path: Assets/ThirdPartyAssets/FarlandSkies/Skyboxes/CloudyCrown_05_Daybreak/Textures/CloudyCrown_Daybreak_Up.png
  artifactKey: Guid(2037768ff8c6b6845a0eac7217b4ba18) Importer(815301076,1909f56bfc062723c751e8b465ee728b)
Start importing Assets/ThirdPartyAssets/FarlandSkies/Skyboxes/CloudyCrown_05_Daybreak/Textures/CloudyCrown_Daybreak_Up.png using Guid(2037768ff8c6b6845a0eac7217b4ba18) Importer(815301076,1909f56bfc062723c751e8b465ee728b)  -> (artifact id: 'd7048e24b544e639887fcf604030ae14') in 0.056480 seconds 
  Import took 0.059163 seconds .

========================================================================
Received Import Request.
  Time since last request: 0.000198 seconds.
  path: Assets/ThirdPartyAssets/FarlandSkies/Skyboxes/CloudyCrown_05_Daybreak/Textures/CloudyCrown_Daybreak_Left.png
  artifactKey: Guid(4bc70c48f58c2c44bb60f3c8719f38c7) Importer(815301076,1909f56bfc062723c751e8b465ee728b)
Start importing Assets/ThirdPartyAssets/FarlandSkies/Skyboxes/CloudyCrown_05_Daybreak/Textures/CloudyCrown_Daybreak_Left.png using Guid(4bc70c48f58c2c44bb60f3c8719f38c7) Importer(815301076,1909f56bfc062723c751e8b465ee728b)  -> (artifact id: '9b38cbe0c439ef7c4a6362f85ad453a3') in 0.055802 seconds 
  Import took 0.058838 seconds .

========================================================================
Received Import Request.
  Time since last request: 0.000172 seconds.
  path: Assets/ThirdPartyAssets/FarlandSkies/Skyboxes/CloudyCrown_05_Daybreak/Textures/CloudyCrown_Daybreak_Right.png
  artifactKey: Guid(a233316cd5c3fd84bbad0597bd05102f) Importer(815301076,1909f56bfc062723c751e8b465ee728b)
Start importing Assets/ThirdPartyAssets/FarlandSkies/Skyboxes/CloudyCrown_05_Daybreak/Textures/CloudyCrown_Daybreak_Right.png using Guid(a233316cd5c3fd84bbad0597bd05102f) Importer(815301076,1909f56bfc062723c751e8b465ee728b)  -> (artifact id: 'c46b6900c8fff931e52e762cc32e59d4') in 0.048498 seconds 
  Import took 0.051708 seconds .

========================================================================
Received Import Request.
  Time since last request: 3.390839 seconds.
  path: Assets/ThirdPartyAssets/FarlandSkies/Skyboxes/CloudyCrown_03_Midnight/Textures/CloudyCrown_Midnight_Front.png
  artifactKey: Guid(6c2f5f53cf8256c42b90da9a536584c5) Importer(815301076,1909f56bfc062723c751e8b465ee728b)
Start importing Assets/ThirdPartyAssets/FarlandSkies/Skyboxes/CloudyCrown_03_Midnight/Textures/CloudyCrown_Midnight_Front.png using Guid(6c2f5f53cf8256c42b90da9a536584c5) Importer(815301076,1909f56bfc062723c751e8b465ee728b)  -> (artifact id: '8a7520f6acde550ac065d3a9c7337622') in 0.051259 seconds 
  Import took 0.053707 seconds .

========================================================================
Received Import Request.
  Time since last request: 0.000304 seconds.
  path: Assets/ThirdPartyAssets/FarlandSkies/Skyboxes/CloudyCrown_03_Midnight/Textures/CloudyCrown_Midnight_Back.png
  artifactKey: Guid(da973bcda49f771409235bfe5c155ce0) Importer(815301076,1909f56bfc062723c751e8b465ee728b)
Start importing Assets/ThirdPartyAssets/FarlandSkies/Skyboxes/CloudyCrown_03_Midnight/Textures/CloudyCrown_Midnight_Back.png using Guid(da973bcda49f771409235bfe5c155ce0) Importer(815301076,1909f56bfc062723c751e8b465ee728b)  -> (artifact id: '6f4c98ab3228483c3aea34732ec3eabc') in 0.051305 seconds 
  Import took 0.053729 seconds .

========================================================================
Received Import Request.
  Time since last request: 0.000258 seconds.
  path: Assets/ThirdPartyAssets/FarlandSkies/Skyboxes/CloudyCrown_03_Midnight/Textures/CloudyCrown_Midnight_Right.png
  artifactKey: Guid(8c84ddb32342f7a409915f46705fcc5a) Importer(815301076,1909f56bfc062723c751e8b465ee728b)
Start importing Assets/ThirdPartyAssets/FarlandSkies/Skyboxes/CloudyCrown_03_Midnight/Textures/CloudyCrown_Midnight_Right.png using Guid(8c84ddb32342f7a409915f46705fcc5a) Importer(815301076,1909f56bfc062723c751e8b465ee728b)  -> (artifact id: '8958557bf3e03c72fa2854bdd7be7b69') in 0.052156 seconds 
  Import took 0.054443 seconds .

========================================================================
Received Import Request.
  Time since last request: 0.000244 seconds.
  path: Assets/ThirdPartyAssets/FarlandSkies/Skyboxes/CloudyCrown_03_Midnight/Textures/CloudyCrown_Midnight_Up.png
  artifactKey: Guid(3af6f93d7b7b2b842ae6ac2a4e817fd4) Importer(815301076,1909f56bfc062723c751e8b465ee728b)
Start importing Assets/ThirdPartyAssets/FarlandSkies/Skyboxes/CloudyCrown_03_Midnight/Textures/CloudyCrown_Midnight_Up.png using Guid(3af6f93d7b7b2b842ae6ac2a4e817fd4) Importer(815301076,1909f56bfc062723c751e8b465ee728b)  -> (artifact id: 'd2e8f84123ac841c2270ffef34246c00') in 0.051420 seconds 
  Import took 0.053849 seconds .

========================================================================
Received Import Request.
  Time since last request: 0.000302 seconds.
  path: Assets/ThirdPartyAssets/FarlandSkies/Skyboxes/CloudyCrown_03_Midnight/Textures/CloudyCrown_Midnight_Down.png
  artifactKey: Guid(c78764efdf38d934da9064e52fdd1357) Importer(815301076,1909f56bfc062723c751e8b465ee728b)
Start importing Assets/ThirdPartyAssets/FarlandSkies/Skyboxes/CloudyCrown_03_Midnight/Textures/CloudyCrown_Midnight_Down.png using Guid(c78764efdf38d934da9064e52fdd1357) Importer(815301076,1909f56bfc062723c751e8b465ee728b)  -> (artifact id: '58d817ec69d0060301465876e0b0752e') in 0.049113 seconds 
  Import took 0.051905 seconds .

========================================================================
Received Import Request.
  Time since last request: 0.000222 seconds.
  path: Assets/ThirdPartyAssets/FarlandSkies/Skyboxes/CloudyCrown_03_Midnight/Textures/CloudyCrown_Midnight_Left.png
  artifactKey: Guid(d349eb2db22ec0746a14ade881ac087f) Importer(815301076,1909f56bfc062723c751e8b465ee728b)
Start importing Assets/ThirdPartyAssets/FarlandSkies/Skyboxes/CloudyCrown_03_Midnight/Textures/CloudyCrown_Midnight_Left.png using Guid(d349eb2db22ec0746a14ade881ac087f) Importer(815301076,1909f56bfc062723c751e8b465ee728b)  -> (artifact id: '00639ee050b6f01283d1aaf3d4c35eb9') in 0.088041 seconds 
  Import took 0.107463 seconds .

